TN:
SF:app.js
FN:61,(anonymous_0)
FN:66,(anonymous_1)
FNF:2
FNH:0
FNDA:0,(anonymous_0)
FNDA:0,(anonymous_1)
DA:1,1
DA:2,1
DA:3,1
DA:4,1
DA:5,1
DA:6,1
DA:7,1
DA:8,1
DA:9,1
DA:10,1
DA:12,1
DA:15,1
DA:17,1
DA:20,1
DA:21,1
DA:26,1
DA:41,1
DA:42,1
DA:43,1
DA:44,1
DA:45,1
DA:48,1
DA:57,1
DA:61,1
DA:62,0
DA:66,1
DA:68,0
DA:69,0
DA:72,0
DA:73,0
DA:76,1
LF:31
LH:26
BRDA:69,0,0,0
BRDA:69,0,1,0
BRDA:72,1,0,0
BRDA:72,1,1,0
BRF:4
BRH:0
end_of_record
TN:
SF:routes\auth_middleware.js
FN:5,(anonymous_0)
FNF:1
FNH:0
FNDA:0,(anonymous_0)
DA:1,1
DA:5,1
DA:6,0
DA:7,0
DA:15,0
DA:16,0
DA:17,0
DA:18,0
LF:8
LH:2
BRDA:6,0,0,0
BRDA:6,0,1,0
BRF:2
BRH:0
end_of_record
TN:
SF:routes\index.js
FNF:0
FNH:0
DA:1,1
DA:2,1
DA:3,1
DA:4,1
DA:9,1
DA:10,1
DA:12,1
DA:13,1
DA:17,1
DA:18,1
DA:19,1
DA:20,1
DA:21,1
DA:23,1
DA:24,1
DA:25,1
DA:29,1
LF:17
LH:17
BRF:0
BRH:0
end_of_record
TN:
SF:routes\users.js
FN:42,validator
FN:64,(anonymous_1)
FN:66,(anonymous_2)
FN:70,(anonymous_3)
FN:83,(anonymous_4)
FN:87,(anonymous_5)
FN:91,(anonymous_6)
FN:97,(anonymous_7)
FN:99,(anonymous_8)
FN:116,(anonymous_9)
FN:119,(anonymous_10)
FN:121,(anonymous_11)
FN:124,(anonymous_12)
FN:136,(anonymous_13)
FN:138,(anonymous_14)
FN:166,(anonymous_15)
FN:167,(anonymous_16)
FN:168,(anonymous_17)
FN:182,(anonymous_18)
FN:186,(anonymous_19)
FN:189,(anonymous_20)
FN:202,(anonymous_21)
FN:207,(anonymous_22)
FN:224,(anonymous_23)
FN:226,(anonymous_24)
FN:242,(anonymous_25)
FN:245,(anonymous_26)
FN:247,(anonymous_27)
FN:260,(anonymous_28)
FN:265,(anonymous_29)
FN:267,(anonymous_30)
FN:281,(anonymous_31)
FN:283,(anonymous_32)
FN:296,(anonymous_33)
FN:298,(anonymous_34)
FN:311,(anonymous_35)
FN:313,(anonymous_36)
FN:326,(anonymous_37)
FN:328,(anonymous_38)
FN:341,(anonymous_39)
FN:343,(anonymous_40)
FN:346,(anonymous_41)
FN:348,(anonymous_42)
FN:368,(anonymous_43)
FN:369,(anonymous_44)
FN:371,(anonymous_45)
FNF:46
FNH:33
FNDA:1,validator
FNDA:2,(anonymous_1)
FNDA:2,(anonymous_2)
FNDA:2,(anonymous_3)
FNDA:1,(anonymous_4)
FNDA:1,(anonymous_5)
FNDA:0,(anonymous_6)
FNDA:0,(anonymous_7)
FNDA:0,(anonymous_8)
FNDA:2,(anonymous_9)
FNDA:2,(anonymous_10)
FNDA:2,(anonymous_11)
FNDA:4,(anonymous_12)
FNDA:1,(anonymous_13)
FNDA:1,(anonymous_14)
FNDA:1,(anonymous_15)
FNDA:1,(anonymous_16)
FNDA:1,(anonymous_17)
FNDA:1,(anonymous_18)
FNDA:1,(anonymous_19)
FNDA:1,(anonymous_20)
FNDA:2,(anonymous_21)
FNDA:1,(anonymous_22)
FNDA:1,(anonymous_23)
FNDA:1,(anonymous_24)
FNDA:1,(anonymous_25)
FNDA:1,(anonymous_26)
FNDA:1,(anonymous_27)
FNDA:1,(anonymous_28)
FNDA:0,(anonymous_29)
FNDA:0,(anonymous_30)
FNDA:0,(anonymous_31)
FNDA:0,(anonymous_32)
FNDA:0,(anonymous_33)
FNDA:0,(anonymous_34)
FNDA:0,(anonymous_35)
FNDA:0,(anonymous_36)
FNDA:0,(anonymous_37)
FNDA:0,(anonymous_38)
FNDA:1,(anonymous_39)
FNDA:1,(anonymous_40)
FNDA:1,(anonymous_41)
FNDA:1,(anonymous_42)
FNDA:1,(anonymous_43)
FNDA:1,(anonymous_44)
FNDA:1,(anonymous_45)
DA:1,1
DA:2,1
DA:3,1
DA:4,1
DA:5,1
DA:6,1
DA:7,1
DA:8,1
DA:10,1
DA:14,1
DA:43,1
DA:44,1
DA:45,0
DA:47,1
DA:48,0
DA:50,1
DA:51,0
DA:53,1
DA:54,0
DA:56,1
DA:64,1
DA:66,2
DA:67,2
DA:68,2
DA:70,2
DA:72,2
DA:73,2
DA:74,2
DA:77,0
DA:83,1
DA:84,1
DA:87,1
DA:88,1
DA:91,1
DA:92,0
DA:93,0
DA:96,0
DA:97,0
DA:98,0
DA:99,0
DA:100,0
DA:101,0
DA:102,0
DA:105,0
DA:111,0
DA:116,1
DA:117,2
DA:119,2
DA:120,2
DA:121,2
DA:122,2
DA:123,2
DA:124,2
DA:125,4
DA:126,1
DA:129,2
DA:132,1
DA:133,1
DA:134,1
DA:135,1
DA:136,1
DA:137,1
DA:138,1
DA:139,1
DA:140,1
DA:143,1
DA:146,0
DA:152,1
DA:153,1
DA:157,0
DA:166,1
DA:167,1
DA:168,1
DA:169,1
DA:170,1
DA:172,1
DA:175,0
DA:182,1
DA:184,1
DA:186,1
DA:187,1
DA:189,1
DA:190,1
DA:191,1
DA:192,1
DA:195,0
DA:202,1
DA:203,2
DA:207,1
DA:209,1
DA:210,1
DA:211,0
DA:212,0
DA:223,1
DA:224,1
DA:225,1
DA:226,1
DA:227,1
DA:228,1
DA:230,1
DA:231,1
DA:242,1
DA:245,1
DA:246,1
DA:247,1
DA:248,1
DA:249,1
DA:250,1
DA:253,0
DA:260,1
DA:262,1
DA:263,1
DA:265,0
DA:266,0
DA:267,0
DA:268,0
DA:269,0
DA:270,0
DA:271,0
DA:274,0
DA:279,1
DA:281,0
DA:282,0
DA:283,0
DA:284,0
DA:285,0
DA:286,0
DA:287,0
DA:290,0
DA:295,1
DA:296,0
DA:297,0
DA:298,0
DA:299,0
DA:300,0
DA:301,0
DA:302,0
DA:305,0
DA:310,1
DA:311,0
DA:312,0
DA:313,0
DA:314,0
DA:315,0
DA:316,0
DA:317,0
DA:320,0
DA:325,1
DA:326,0
DA:327,0
DA:328,0
DA:329,0
DA:330,0
DA:331,0
DA:332,0
DA:335,0
DA:341,1
DA:342,1
DA:343,1
DA:344,1
DA:345,1
DA:346,1
DA:347,1
DA:348,1
DA:349,1
DA:350,1
DA:351,1
DA:354,0
DA:360,0
DA:368,1
DA:369,1
DA:370,1
DA:371,1
DA:372,1
DA:373,1
DA:374,1
DA:377,0
LF:177
LH:111
BRDA:44,0,0,0
BRDA:44,0,1,1
BRDA:47,1,0,0
BRDA:47,1,1,1
BRDA:50,2,0,0
BRDA:50,2,1,1
BRDA:53,3,0,0
BRDA:53,3,1,1
BRDA:67,4,0,0
BRDA:67,4,1,2
BRDA:73,5,0,2
BRDA:73,5,1,0
BRDA:93,6,0,0
BRDA:93,6,1,0
BRDA:98,7,0,0
BRDA:98,7,1,0
BRDA:101,8,0,0
BRDA:101,8,1,0
BRDA:120,9,0,0
BRDA:120,9,1,2
BRDA:123,10,0,2
BRDA:123,10,1,0
BRDA:125,11,0,1
BRDA:125,11,1,3
BRDA:125,12,0,4
BRDA:125,12,1,2
BRDA:129,13,0,1
BRDA:129,13,1,1
BRDA:137,14,0,0
BRDA:137,14,1,1
BRDA:140,15,0,1
BRDA:140,15,1,0
BRDA:170,16,0,1
BRDA:170,16,1,0
BRDA:187,17,0,0
BRDA:187,17,1,1
BRDA:191,18,0,1
BRDA:191,18,1,0
BRDA:210,19,0,0
BRDA:210,19,1,1
BRDA:225,20,0,0
BRDA:225,20,1,1
BRDA:228,21,0,1
BRDA:228,21,1,0
BRDA:246,22,0,0
BRDA:246,22,1,1
BRDA:249,23,0,1
BRDA:249,23,1,0
BRDA:263,24,0,0
BRDA:263,24,1,1
BRDA:263,25,0,1
BRDA:263,25,1,0
BRDA:263,25,2,0
BRDA:263,25,3,0
BRDA:266,26,0,0
BRDA:266,26,1,0
BRDA:269,27,0,0
BRDA:269,27,1,0
BRDA:279,28,0,0
BRDA:279,28,1,1
BRDA:282,29,0,0
BRDA:282,29,1,0
BRDA:285,30,0,0
BRDA:285,30,1,0
BRDA:295,31,0,0
BRDA:295,31,1,1
BRDA:297,32,0,0
BRDA:297,32,1,0
BRDA:300,33,0,0
BRDA:300,33,1,0
BRDA:310,34,0,0
BRDA:310,34,1,1
BRDA:312,35,0,0
BRDA:312,35,1,0
BRDA:315,36,0,0
BRDA:315,36,1,0
BRDA:325,37,0,0
BRDA:325,37,1,1
BRDA:327,38,0,0
BRDA:327,38,1,0
BRDA:330,39,0,0
BRDA:330,39,1,0
BRDA:342,40,0,0
BRDA:342,40,1,1
BRDA:345,41,0,1
BRDA:345,41,1,0
BRDA:347,42,0,0
BRDA:347,42,1,1
BRDA:350,43,0,1
BRDA:350,43,1,0
BRDA:370,44,0,0
BRDA:370,44,1,1
BRDA:373,45,0,1
BRDA:373,45,1,0
BRF:94
BRH:36
end_of_record
